<?xml version="1.0" encoding="UTF-8"?>
<!-- Generated by org.testng.reporters.JUnitXMLReporter -->
<testsuite ignored="2" hostname="JESVIN-3011" failures="0" tests="2" name="Test-Runner-Firefox" time="49.277" errors="0" timestamp="2022-08-25T15:39:03 IST">
  <testcase classname="com.LMS.POMScript.EmployeeApplyLeaveTest" name="empApplyLeave" time="14.271"/>
  <testcase classname="com.LMS.POMScript.VerifyEmployeeWorkflowTest" name="empWork" time="16.706"/>
  <testcase classname="com.edu.LMS.GenericUtility.BaseClass" name="@BeforeSuite configBS" time="0.0">
    <ignored/>
  </testcase> <!-- @BeforeSuite configBS -->
  <testcase classname="com.edu.LMS.GenericUtility.BaseClass" name="@AfterSuite configAS" time="0.0">
    <ignored/>
  </testcase> <!-- @AfterSuite configAS -->
</testsuite> <!-- Test-Runner-Firefox -->
