<?xml version="1.0" encoding="UTF-8"?>
<!-- Generated by org.testng.reporters.JUnitReportReporter -->
<testsuite hostname="JESVIN-3011" failures="0" tests="1" name="com.LMS.POMScript.VerifyEmployeeWorkflowTest" time="10.128" errors="0" timestamp="2022-08-25T16:05:44 IST" skipped="0">
  <testcase classname="com.LMS.POMScript.VerifyEmployeeWorkflowTest" name="empWork" time="10.128"/>
  <system-out/>
</testsuite> <!-- com.LMS.POMScript.VerifyEmployeeWorkflowTest -->
